<?xml version="1.0" encoding="UTF-8"?>
<!-- Generated by org.testng.reporters.JUnitReportReporter -->
<testsuite hostname="DESKTOP-ES5V47B" failures="0" tests="2" name="LibertyBooking.WithoutResponseSpecifications" time="5.899" errors="0" timestamp="2025-11-20T14:49:26 IST" skipped="0">
  <testcase classname="LibertyBooking.WithoutResponseSpecifications" name="CreateBook" time="4.098"/>
  <testcase classname="LibertyBooking.WithoutResponseSpecifications" name="CreateBook2" time="1.801"/>
</testsuite> <!-- LibertyBooking.WithoutResponseSpecifications -->
