<?xml version="1.0" encoding="UTF-8"?>
<!-- Generated by org.testng.reporters.JUnitReportReporter -->
<testsuite hostname="DESKTOP-ES5V47B" failures="0" tests="2" name="LibertyBooking.MultipleBookingwithRequestSpecification" time="4.293" errors="0" timestamp="2025-11-20T13:15:52 IST" skipped="0">
  <testcase classname="LibertyBooking.MultipleBookingwithRequestSpecification" name="CreateBooking" time="2.940"/>
  <testcase classname="LibertyBooking.MultipleBookingwithRequestSpecification" name="UpdateBooking" time="1.353"/>
</testsuite> <!-- LibertyBooking.MultipleBookingwithRequestSpecification -->
