<?xml version="1.0" encoding="UTF-8"?>
<!-- Generated by org.testng.reporters.JUnitXMLReporter -->
<testsuite ignored="0" hostname="DESKTOP-ES5V47B" failures="3" tests="8" name="Test" time="23.894" errors="0" timestamp="2025-12-02T19:52:43 IST">
  <testcase classname="API.Test.PetTest" name="testAddPet" time="5.264"/>
  <testcase classname="API.Test.PetTest" name="testGetPetById" time="1.937">
    <failure type="java.lang.AssertionError" message="expected [200] but found [404]">
      <![CDATA[java.lang.AssertionError: expected [200] but found [404]
at API.Test.PetTest.testGetPetById(PetTest.java:44)
at java.base/java.util.ArrayList.forEach(ArrayList.java:1596)
... Removed 32 stack frames]]>
    </failure>
  </testcase> <!-- testGetPetById -->
  <testcase classname="API.Test.PetTest" name="testUpdatePet" time="3.806">
    <failure type="java.lang.AssertionError" message="expected [200] but found [404]">
      <![CDATA[java.lang.AssertionError: expected [200] but found [404]
at API.Test.PetTest.testUpdatePet(PetTest.java:62)
at java.base/java.util.ArrayList.forEach(ArrayList.java:1596)
... Removed 32 stack frames]]>
    </failure>
  </testcase> <!-- testUpdatePet -->
  <testcase classname="API.Test.PetTest" name="testDeletePet" time="2.181">
    <failure type="java.lang.AssertionError" message="expected [200] but found [404]">
      <![CDATA[java.lang.AssertionError: expected [200] but found [404]
at API.Test.PetTest.testDeletePet(PetTest.java:71)
at java.base/java.util.ArrayList.forEach(ArrayList.java:1596)
... Removed 32 stack frames]]>
    </failure>
  </testcase> <!-- testDeletePet -->
  <testcase classname="API.Test.UserTests" name="testPostUser" time="1.812"/>
  <testcase classname="API.Test.UserTests" name="testGetUserByName" time="1.956"/>
  <testcase classname="API.Test.UserTests" name="testUpdateUserByName" time="3.539"/>
  <testcase classname="API.Test.UserTests" name="testDeleteUser" time="1.731"/>
</testsuite> <!-- Test -->
