<?xml version="1.0" encoding="UTF-8"?>
<testng-results ignored="0" total="2" passed="2" failed="0" skipped="0">
  <reporter-output>
  </reporter-output>
  <suite started-at="2025-11-25T21:23:07 IST" name="Suite" finished-at="2025-11-25T21:23:12 IST" duration-ms="5709">
    <groups>
    </groups>
    <test started-at="2025-11-25T21:23:07 IST" name="Test" finished-at="2025-11-25T21:23:12 IST" duration-ms="5709">
      <class name="DataShare.CreatebookingTest">
        <test-method signature="createBooking(org.testng.ITestContext)[pri:0, instance:DataShare.CreatebookingTest@63376bed]" started-at="2025-11-25T21:23:07 IST" name="createBooking" finished-at="2025-11-25T21:23:12 IST" duration-ms="5591" status="PASS">
          <params>
            <param index="0">
              <value>
                <![CDATA[org.testng.TestRunner@2f1b8bd]]>
              </value>
            </param>
          </params>
          <reporter-output>
          </reporter-output>
        </test-method> <!-- createBooking -->
      </class> <!-- DataShare.CreatebookingTest -->
      <class name="DataShare.GetBookingDetails">
        <test-method signature="GetBooking(org.testng.ITestContext)[pri:0, instance:DataShare.GetBookingDetails@6e6f2380]" started-at="2025-11-25T21:23:07 IST" name="GetBooking" finished-at="2025-11-25T21:23:11 IST" duration-ms="4568" status="PASS">
          <params>
            <param index="0">
              <value>
                <![CDATA[org.testng.TestRunner@2f1b8bd]]>
              </value>
            </param>
          </params>
          <reporter-output>
          </reporter-output>
        </test-method> <!-- GetBooking -->
      </class> <!-- DataShare.GetBookingDetails -->
    </test> <!-- Test -->
  </suite> <!-- Suite -->
</testng-results>
