<?xml version="1.0" encoding="UTF-8"?>
<!-- Generated by org.testng.reporters.JUnitReportReporter -->
<testsuite hostname="DESKTOP-ES5V47B" failures="0" tests="4" name="API.Test.UserTests" time="9.038" errors="0" timestamp="2025-12-02T19:52:43 IST" skipped="0">
  <testcase classname="API.Test.UserTests" name="testPostUser" time="1.812"/>
  <testcase classname="API.Test.UserTests" name="testGetUserByName" time="1.956"/>
  <testcase classname="API.Test.UserTests" name="testUpdateUserByName" time="3.539"/>
  <testcase classname="API.Test.UserTests" name="testDeleteUser" time="1.731"/>
</testsuite> <!-- API.Test.UserTests -->
