<?xml version="1.0" encoding="UTF-8"?>
<!-- Generated by org.testng.reporters.JUnitXMLReporter -->
<testsuite ignored="0" hostname="DESKTOP-ES5V47B" failures="0" tests="4" name="Default test" time="11.619" errors="0" timestamp="2025-12-02T17:44:41 IST">
  <testcase classname="API.Test.UserTests" name="testPostUser" time="4.905"/>
  <testcase classname="API.Test.UserTests" name="testGetUserByName" time="1.756"/>
  <testcase classname="API.Test.UserTests" name="testUpdateUserByName" time="2.686"/>
  <testcase classname="API.Test.UserTests" name="testDeleteUser" time="1.528"/>
</testsuite> <!-- Default test -->
